\BOOKMARK [0][-]{Doc-Start}{ABSTRACT}{}% 1
\BOOKMARK [0][-]{Doc-Start}{ACKNOWLEDGEMENTS}{}% 2
\BOOKMARK [0][-]{Doc-Start}{TABLE OF CONTENTS}{}% 3
\BOOKMARK [0][-]{Doc-Start}{LIST OF TABLES}{}% 4
\BOOKMARK [0][-]{Doc-Start}{LIST OF FIGURES}{}% 5
\BOOKMARK [0][-]{chapter.1}{Introduction}{}% 6
\BOOKMARK [1][-]{section.1.1}{Simulation tools approach}{chapter.1}% 7
\BOOKMARK [1][-]{section.1.2}{Machine learning approach}{chapter.1}% 8
\BOOKMARK [0][-]{chapter.2}{Review of Literature}{}% 9
\BOOKMARK [0][-]{chapter.3}{Data exploration}{}% 10
\BOOKMARK [1][-]{section.3.1}{Dataset description}{chapter.3}% 11
\BOOKMARK [2][-]{subsection.3.1.1}{Mapping}{section.3.1}% 12
\BOOKMARK [1][-]{section.3.2}{Probability density}{chapter.3}% 13
\BOOKMARK [2][-]{subsection.3.2.1}{Histograms}{section.3.2}% 14
\BOOKMARK [2][-]{subsection.3.2.2}{Conclusion}{section.3.2}% 15
\BOOKMARK [1][-]{section.3.3}{Correlation}{chapter.3}% 16
\BOOKMARK [2][-]{subsection.3.3.1}{Scatter plot}{section.3.3}% 17
\BOOKMARK [2][-]{subsection.3.3.2}{Spearman rank correlation coefficient}{section.3.3}% 18
\BOOKMARK [2][-]{subsection.3.3.3}{Conclusion}{section.3.3}% 19
\BOOKMARK [0][-]{chapter.4}{Machine learning approach}{}% 20
\BOOKMARK [1][-]{section.4.1}{Linear models}{chapter.4}% 21
\BOOKMARK [2][-]{subsection.4.1.1}{Ridge Regression}{section.4.1}% 22
\BOOKMARK [1][-]{section.4.2}{Non-Linear models}{chapter.4}% 23
\BOOKMARK [2][-]{subsection.4.2.1}{Artificial Neural Networks}{section.4.2}% 24
\BOOKMARK [0][-]{chapter.5}{Code Snippets}{}% 25
\BOOKMARK [0][-]{chapter.6}{Results and Discussions}{}% 26
\BOOKMARK [1][-]{section.6.1}{Model accuracy}{chapter.6}% 27
\BOOKMARK [2][-]{subsection.6.1.1}{Cross validation}{section.6.1}% 28
\BOOKMARK [2][-]{subsection.6.1.2}{Linear vs Non-linear model}{section.6.1}% 29
\BOOKMARK [0][-]{chapter.7}{Summary and Conclusions}{}% 30
\BOOKMARK [1][-]{section.7.1}{Summary}{chapter.7}% 31
\BOOKMARK [1][-]{section.7.2}{Conclusions}{chapter.7}% 32
\BOOKMARK [1][-]{section.7.3}{Scope for Future Work}{chapter.7}% 33
\BOOKMARK [0][-]{chapter*.21}{REFERENCES}{}% 34
